
Showing logs for build [32mcb-kubecd-environment-pr-194-5-xmm9s-1[0m stage [32mfrom-build-pack[0m and container [32mstep-credential-initializer-6zlx4[0m
{"level":"warn","ts":1586127682.9238863,"logger":"fallback-logger","caller":"logging/config.go:69","msg":"Fetch GitHub commit ID from kodata failed: \"ref: refs/heads/0.8.0-**-support-backwards-incompats\" is not a valid GitHub commit ID"}
{"level":"info","ts":1586127682.933376,"logger":"fallback-logger","caller":"creds-init/main.go:40","msg":"Credentials initialized."}

Showing logs for build [32mcb-kubecd-environment-pr-194-5-xmm9s-1[0m stage [32mfrom-build-pack[0m and container [32mstep-working-dir-initializer-h2fml[0m
{"level":"warn","ts":1586127684.3016138,"logger":"fallback-logger","caller":"logging/config.go:69","msg":"Fetch GitHub commit ID from kodata failed: open /var/run/ko/HEAD: no such file or directory"}
{"level":"info","ts":1586127684.303135,"logger":"fallback-logger","caller":"bash/main.go:64","msg":"Successfully executed command \"sh -c mkdir -p /workspace/source\"; output "}

Showing logs for build [32mcb-kubecd-environment-pr-194-5-xmm9s-1[0m stage [32mfrom-build-pack[0m and container [32mstep-place-tools[0m

Showing logs for build [32mcb-kubecd-environment-pr-194-5-xmm9s-1[0m stage [32mfrom-build-pack[0m and container [32mstep-git-source-cb-kubecd-environment-pr-194-5-xmm9s-ptqt8[0m
{"level":"warn","ts":1586127689.5426278,"logger":"fallback-logger","caller":"logging/config.go:69","msg":"Fetch GitHub commit ID from kodata failed: \"ref: refs/heads/0.8.0-**-support-backwards-incompats\" is not a valid GitHub commit ID"}
{"level":"info","ts":1586127690.628498,"logger":"fallback-logger","caller":"git/git.go:103","msg":"Successfully cloned https://github.com/cb-kubecd/environment-pr-194-5-boot-gke-staging.git @ master in path /workspace/source"}

Showing logs for build [32mcb-kubecd-environment-pr-194-5-xmm9s-1[0m stage [32mfrom-build-pack[0m and container [32mstep-git-merge[0m
Using SHAs from PULL_REFS=master:7ff8adb7487598f7c65dfbc1c2f8da9b2c2de884,3:f051ec9c6db13578e1d62493c6d7d6459a3038a8
DEBUG: LC_ALL=C JX_LOG_LEVEL=error git fetch origin --unshallow f051ec9c6db13578e1d62493c6d7d6459a3038a8: 7ff8adb7487598f7c65dfbc1c2f8da9b2c2de884:
DEBUG: ran git fetch --unshallow origin f051ec9c6db13578e1d62493c6d7d6459a3038a8: 7ff8adb7487598f7c65dfbc1c2f8da9b2c2de884: in 
DEBUG: LC_ALL=C JX_LOG_LEVEL=error git branch
DEBUG: LC_ALL=C JX_LOG_LEVEL=error git checkout master
DEBUG: ran git checkout master in 
DEBUG: LC_ALL=C JX_LOG_LEVEL=error git reset --hard 7ff8adb7487598f7c65dfbc1c2f8da9b2c2de884
DEBUG: ran git reset --hard 7ff8adb7487598f7c65dfbc1c2f8da9b2c2de884 in 
DEBUG: JX_LOG_LEVEL=error LC_ALL=C git clean -fd .
DEBUG: ran clean --force -d . in 
DEBUG: LC_ALL=C JX_LOG_LEVEL=error git merge f051ec9c6db13578e1d62493c6d7d6459a3038a8
DEBUG: ran git merge f051ec9c6db13578e1d62493c6d7d6459a3038a8 in 
DEBUG: LC_ALL=C JX_LOG_LEVEL=error git log --format=%H%x1f%an%x1f%ae%x1f%cn%x1f%ce%x1f%s%n%b%x1e 7ff8adb7487598f7c65dfbc1c2f8da9b2c2de884..HEAD
Merged SHA f051ec9c6db13578e1d62493c6d7d6459a3038a8 with commit message 'chore: Promote bdd-gh-1586126489 to version 0.0.1' into base branch master

Showing logs for build [32mcb-kubecd-environment-pr-194-5-xmm9s-1[0m stage [32mfrom-build-pack[0m and container [32mstep-build-helm-build[0m
WARNING: No $CHART_REPOSITORY defined so using the default value of: http://jenkins-x-chartmuseum:8080
Adding missing Helm repo: storage.googleapis.com https://storage.googleapis.com/chartmuseum.jenkins-x.io
WARNING: No secrets found on "helm/repos" due: reading the secret "helm/repos" from vault: no secret "helm/repos" not found in vault
Read credentials for https://storage.googleapis.com/chartmuseum.jenkins-x.io from vault helm/repos
Successfully added Helm repository storage.googleapis.com.
Adding missing Helm repo: jenkins-x-chartmuseum http://jenkins-x-chartmuseum:8080
WARNING: No secrets found on "helm/repos" due: reading the secret "helm/repos" from vault: no secret "helm/repos" not found in vault
Read credentials for http://jenkins-x-chartmuseum:8080 from vault helm/repos
Successfully added Helm repository jenkins-x-chartmuseum.
WARNING: No $CHART_REPOSITORY defined so using the default value of: http://jenkins-x-chartmuseum:8080
Adding missing Helm repo: chartmuseum.jenkins-x.io http://chartmuseum.jenkins-x.io
WARNING: No secrets found on "helm/repos" due: reading the secret "helm/repos" from vault: no secret "helm/repos" not found in vault
Read credentials for http://chartmuseum.jenkins-x.io from vault helm/repos
Successfully added Helm repository chartmuseum.jenkins-x.io.
