
Showing logs for build [32mcb-kubecd-environment-pr-194-5-kpnxr-1[0m stage [32mfrom-build-pack[0m and container [32mstep-credential-initializer-xkp56[0m
{"level":"warn","ts":1586130152.5478184,"logger":"fallback-logger","caller":"logging/config.go:69","msg":"Fetch GitHub commit ID from kodata failed: \"ref: refs/heads/0.8.0-**-support-backwards-incompats\" is not a valid GitHub commit ID"}
{"level":"info","ts":1586130152.5484784,"logger":"fallback-logger","caller":"creds-init/main.go:40","msg":"Credentials initialized."}

Showing logs for build [32mcb-kubecd-environment-pr-194-5-kpnxr-1[0m stage [32mfrom-build-pack[0m and container [32mstep-working-dir-initializer-9dfb6[0m
{"level":"warn","ts":1586130153.5526853,"logger":"fallback-logger","caller":"logging/config.go:69","msg":"Fetch GitHub commit ID from kodata failed: open /var/run/ko/HEAD: no such file or directory"}
{"level":"info","ts":1586130153.562216,"logger":"fallback-logger","caller":"bash/main.go:64","msg":"Successfully executed command \"sh -c mkdir -p /workspace/source\"; output "}

Showing logs for build [32mcb-kubecd-environment-pr-194-5-kpnxr-1[0m stage [32mfrom-build-pack[0m and container [32mstep-place-tools[0m

Showing logs for build [32mcb-kubecd-environment-pr-194-5-kpnxr-1[0m stage [32mfrom-build-pack[0m and container [32mstep-git-source-cb-kubecd-environment-pr-194-5-kpnxr-7x4jn[0m
{"level":"warn","ts":1586130158.7808816,"logger":"fallback-logger","caller":"logging/config.go:69","msg":"Fetch GitHub commit ID from kodata failed: \"ref: refs/heads/0.8.0-**-support-backwards-incompats\" is not a valid GitHub commit ID"}
{"level":"info","ts":1586130159.8224554,"logger":"fallback-logger","caller":"git/git.go:103","msg":"Successfully cloned https://github.com/cb-kubecd/environment-pr-194-5-boot-gke-staging.git @ master in path /workspace/source"}

Showing logs for build [32mcb-kubecd-environment-pr-194-5-kpnxr-1[0m stage [32mfrom-build-pack[0m and container [32mstep-git-merge[0m
Using SHAs from PULL_REFS=master:d94199c3ea43b7fb5d83bdc82543507fa27d2323,8:f14d2303b6b2bbbed8b9619e096a337e29e7130e
DEBUG: LC_ALL=C JX_LOG_LEVEL=error git fetch origin --unshallow f14d2303b6b2bbbed8b9619e096a337e29e7130e: d94199c3ea43b7fb5d83bdc82543507fa27d2323:
DEBUG: ran git fetch --unshallow origin f14d2303b6b2bbbed8b9619e096a337e29e7130e: d94199c3ea43b7fb5d83bdc82543507fa27d2323: in 
DEBUG: LC_ALL=C JX_LOG_LEVEL=error git branch
DEBUG: JX_LOG_LEVEL=error LC_ALL=C git checkout master
DEBUG: ran git checkout master in 
DEBUG: LC_ALL=C JX_LOG_LEVEL=error git reset --hard d94199c3ea43b7fb5d83bdc82543507fa27d2323
DEBUG: ran git reset --hard d94199c3ea43b7fb5d83bdc82543507fa27d2323 in 
DEBUG: LC_ALL=C JX_LOG_LEVEL=error git clean -fd .
DEBUG: ran clean --force -d . in 
DEBUG: LC_ALL=C JX_LOG_LEVEL=error git merge f14d2303b6b2bbbed8b9619e096a337e29e7130e
DEBUG: ran git merge f14d2303b6b2bbbed8b9619e096a337e29e7130e in 
DEBUG: LC_ALL=C JX_LOG_LEVEL=error git log --format=%H%x1f%an%x1f%ae%x1f%cn%x1f%ce%x1f%s%n%b%x1e d94199c3ea43b7fb5d83bdc82543507fa27d2323..HEAD
Merged SHA f14d2303b6b2bbbed8b9619e096a337e29e7130e with commit message 'chore: Promote bdd-sbhg-import-1586128712 to version 0.0.1' into base branch master

Showing logs for build [32mcb-kubecd-environment-pr-194-5-kpnxr-1[0m stage [32mfrom-build-pack[0m and container [32mstep-build-helm-build[0m
WARNING: No $CHART_REPOSITORY defined so using the default value of: http://jenkins-x-chartmuseum:8080
Adding missing Helm repo: storage.googleapis.com https://storage.googleapis.com/chartmuseum.jenkins-x.io
WARNING: No secrets found on "helm/repos" due: reading the secret "helm/repos" from vault: no secret "helm/repos" not found in vault
Read credentials for https://storage.googleapis.com/chartmuseum.jenkins-x.io from vault helm/repos
Successfully added Helm repository storage.googleapis.com.
Adding missing Helm repo: jenkins-x-chartmuseum http://jenkins-x-chartmuseum:8080
WARNING: No secrets found on "helm/repos" due: reading the secret "helm/repos" from vault: no secret "helm/repos" not found in vault
Read credentials for http://jenkins-x-chartmuseum:8080 from vault helm/repos
Successfully added Helm repository jenkins-x-chartmuseum.
WARNING: No $CHART_REPOSITORY defined so using the default value of: http://jenkins-x-chartmuseum:8080
Adding missing Helm repo: chartmuseum.jenkins-x.io http://chartmuseum.jenkins-x.io
WARNING: No secrets found on "helm/repos" due: reading the secret "helm/repos" from vault: no secret "helm/repos" not found in vault
Read credentials for http://chartmuseum.jenkins-x.io from vault helm/repos
Successfully added Helm repository chartmuseum.jenkins-x.io.
